********************************************************************************
DUPLICATOR-LITE PACKAGE-LOG: September 16, 2020 2:43 am
NOTICE: Do NOT post to public sites or forums 
********************************************************************************
VERSION:	1.3.36
WORDPRESS:	5.5.1
PHP INFO:	7.4.2 | SAPI: apache2handler
SERVER:		Apache/2.2.34 (Unix) mod_wsgi/3.5 Python/2.7.13 PHP/7.4.2 mod_ssl/2.2.34 OpenSSL/1.0.2o DAV/2 mod_fastcgi/mod_fastcgi-SNAP-0910052141 mod_perl/2.0.11 Perl/v5.24.0 
PHP TIME LIMIT: (0) no time limit imposed 
PHP MAX MEMORY: 4294967296 (128M default) 
MEMORY STACK: 26MB

********************************************************************************
DATABASE:
********************************************************************************
BUILD MODE:   MYSQLDUMP
MYSQLTIMEOUT: 5000
MYSQLDUMP:    Is Supported
MYSQL DUMP ERROR 2

==================================================================================
DUPLICATOR ERROR
Please try again! If the error persists see the Duplicator 'Help' menu.
---------------------------------------------------------------------------------
MESSAGE:
	Shell mysql dump error. Change Mysql dump engine in PHP mode
DETAILS:
	mysqldump: Got error: 1045: Access denied for user 'root'@'localhost' (using password: YES) when trying to connect
/* Duplicator WordPress Timestamp: 2020-09-16 02:43:48*/
/* DUPLICATOR_MYSQLDUMP_EOF */
TRACE:
	 1. class.pack.database.php : Error (546)
	 2. class.pack.database.php : mysqlDump (187)
	 3. class.pack.php : build (1302)
	 4. ctrl.package.php : runZipBuild (97)
	 5. class-wp-hook.php : duplicator_package_build (287)
	 6. class-wp-hook.php : apply_filters (311)
	 7. plugin.php : do_action (478)
	 8. admin-ajax.php : do_action (176)
==================================================================================


==================================================================================
DUPLICATOR ERROR
Please try again! If the error persists see the Duplicator 'Help' menu.
---------------------------------------------------------------------------------
MESSAGE:
	Runtime error in DUP_Database::Build
DETAILS:
	Exception: Exception: DUPLICATOR ERROR: Please see the 'Package Log' file link below. in /Applications/MAMP/htdocs/wordpress/wp-content/plugins/duplicator/classes/class.logging.php:275
Stack trace:
#0 /Applications/MAMP/htdocs/wordpress/wp-content/plugins/duplicator/classes/package/class.pack.database.php(546): DUP_Log::Error('Shell mysql dum...', 'mysqldump: Got ...', 1)
#1 /Applications/MAMP/htdocs/wordpress/wp-content/plugins/duplicator/classes/package/class.pack.database.php(187): DUP_Database->mysqlDump('/usr/local/mysq...')
#2 /Applications/MAMP/htdocs/wordpress/wp-content/plugins/duplicator/classes/package/class.pack.php(1302): DUP_Database->build(Object(DUP_Package), 1)
#3 /Applications/MAMP/htdocs/wordpress/wp-content/plugins/duplicator/ctrls/ctrl.package.php(97): DUP_Package->runZipBuild()
#4 /Applications/MAMP/htdocs/wordpress/wp-includes/class-wp-hook.php(287): duplicator_package_build('')
#5 /Applications/MAMP/htdocs/wordpress/wp-includes/class-wp-hook.php(311): WP_Hook->apply_filters('', Array)
#6 /Applications/MAMP/htdocs/wordpress/wp-includes/plugin.php(478): WP_Hook->do_action(Array)
#7 /Applications/MAMP/htdocs/wordpress/wp-admin/admin-ajax.php(176): do_action('wp_ajax_duplica...')
#8 {main}
TRACE:
	 1. class.pack.database.php : Error (222)
	 2. class.pack.php : build (1302)
	 3. ctrl.package.php : runZipBuild (97)
	 4. class-wp-hook.php : duplicator_package_build (287)
	 5. class-wp-hook.php : apply_filters (311)
	 6. plugin.php : do_action (478)
	 7. admin-ajax.php : do_action (176)
==================================================================================

